{
  "RSpec": {
    "coverage": {
      "/Users/michaelalexlynch/turing/3.5module/projects/grow_calls/grow_calls.rb": {
        "lines": [
          1,
          1,
          1,
          1,
          null,
          1,
          1,
          0,
          null,
          null,
          1,
          0,
          0,
          0,
          0,
          0,
          0,
          0,
          null,
          0,
          0,
          0,
          0,
          null,
          null
        ]
      },
      "/Users/michaelalexlynch/turing/3.5module/projects/grow_calls/opendata_service.rb": {
        "lines": [
          null,
          null,
          null,
          null,
          null,
          null,
          null,
          null,
          null,
          null,
          null,
          null,
          null,
          null
        ]
      }
    },
    "timestamp": 1600184683
  }
}
